

Started GET "/products/1" for 127.0.0.1 at 2011-12-01 14:10:02 -0600
  Processing by ProductsController#show as HTML
  Parameters: {"id"=>"1"}
Completed 500 Internal Server Error in 4ms

ActiveRecord::StatementInvalid (Could not find table 'products'):
  app/controllers/products_controller.rb:7:in `show'

Rendered /home/userr/.rvm/gems/ruby-1.9.2-p290/gems/actionpack-3.1.0/lib/action_dispatch/middleware/templates/rescues/_trace.erb (5.3ms)
Rendered /home/userr/.rvm/gems/ruby-1.9.2-p290/gems/actionpack-3.1.0/lib/action_dispatch/middleware/templates/rescues/_request_and_response.erb (4.0ms)
Rendered /home/userr/.rvm/gems/ruby-1.9.2-p290/gems/actionpack-3.1.0/lib/action_dispatch/middleware/templates/rescues/diagnostics.erb within rescues/layout (69.6ms)


Started GET "/products/1" for 127.0.0.1 at 2011-12-01 14:10:06 -0600
  Processing by ProductsController#show as HTML
  Parameters: {"id"=>"1"}
Completed 500 Internal Server Error in 4ms

ActiveRecord::StatementInvalid (Could not find table 'products'):
  app/controllers/products_controller.rb:7:in `show'

Rendered /home/userr/.rvm/gems/ruby-1.9.2-p290/gems/actionpack-3.1.0/lib/action_dispatch/middleware/templates/rescues/_trace.erb (5.3ms)
Rendered /home/userr/.rvm/gems/ruby-1.9.2-p290/gems/actionpack-3.1.0/lib/action_dispatch/middleware/templates/rescues/_request_and_response.erb (4.1ms)
Rendered /home/userr/.rvm/gems/ruby-1.9.2-p290/gems/actionpack-3.1.0/lib/action_dispatch/middleware/templates/rescues/diagnostics.erb within rescues/layout (17.3ms)


Started GET "/" for 127.0.0.1 at 2011-12-01 14:10:10 -0600
  Processing by ProductsController#index as HTML
Rendered shared/_login.html.erb (188.5ms)
Rendered products/index.html.erb within layouts/application (231.9ms)
Completed 500 Internal Server Error in 249ms

ActionView::Template::Error (Could not find table 'users'):
    1: <div id="auth">
    2:   <% if logged_in? %>
    3:     <%= link_to "Logout", user_session_path(:current), :method => :delete, :confirm => "Are you sure?"%>
    4:   <% else %>
    5:      <%= link_to "Login", login_path %> | <%= link_to "Sign Up", signup_path %>
  app/controllers/application_controller.rb:16:in `current_user'
  app/controllers/application_controller.rb:11:in `logged_in?'
  app/views/shared/_login.html.erb:2:in `_app_views_shared__login_html_erb___617221267717772240_24895760'
  app/views/products/index.html.erb:1:in `_app_views_products_index_html_erb__3572292521560784299_33826520'

Rendered /home/userr/.rvm/gems/ruby-1.9.2-p290/gems/actionpack-3.1.0/lib/action_dispatch/middleware/templates/rescues/_trace.erb (5.8ms)
Rendered /home/userr/.rvm/gems/ruby-1.9.2-p290/gems/actionpack-3.1.0/lib/action_dispatch/middleware/templates/rescues/_request_and_response.erb (3.8ms)
Rendered /home/userr/.rvm/gems/ruby-1.9.2-p290/gems/actionpack-3.1.0/lib/action_dispatch/middleware/templates/rescues/template_error.erb within rescues/layout (18.4ms)


Started GET "/" for 127.0.0.1 at 2011-12-01 14:12:27 -0600
  Processing by ProductsController#index as HTML
Rendered shared/_login.html.erb (177.0ms)
Rendered products/index.html.erb within layouts/application (265.5ms)
Completed 500 Internal Server Error in 469ms

ActionView::Template::Error (Could not find table 'users'):
    1: <div id="auth">
    2:   <% if logged_in? %>
    3:     <%= link_to "Logout", user_session_path(:current), :method => :delete, :confirm => "Are you sure?"%>
    4:   <% else %>
    5:      <%= link_to "Login", login_path %> | <%= link_to "Sign Up", signup_path %>
  app/controllers/application_controller.rb:16:in `current_user'
  app/controllers/application_controller.rb:11:in `logged_in?'
  app/views/shared/_login.html.erb:2:in `_app_views_shared__login_html_erb__454329214255949119_32274560'
  app/views/products/index.html.erb:1:in `_app_views_products_index_html_erb___4323726314730014994_34045380'

Rendered /home/userr/.rvm/gems/ruby-1.9.2-p290/gems/actionpack-3.1.0/lib/action_dispatch/middleware/templates/rescues/_trace.erb (5.8ms)
Rendered /home/userr/.rvm/gems/ruby-1.9.2-p290/gems/actionpack-3.1.0/lib/action_dispatch/middleware/templates/rescues/_request_and_response.erb (3.9ms)
Rendered /home/userr/.rvm/gems/ruby-1.9.2-p290/gems/actionpack-3.1.0/lib/action_dispatch/middleware/templates/rescues/template_error.erb within rescues/layout (18.8ms)


Started GET "/" for 127.0.0.1 at 2011-12-01 14:12:49 -0600
  Processing by ProductsController#index as HTML
  [1m[36mUser Load (53.0ms)[0m  [1mSELECT "users".* FROM "users" WHERE "users"."id" = ? LIMIT 1[0m  [["id", 3]]
Rendered shared/_login.html.erb (214.4ms)
  [1m[35mProduct Load (0.8ms)[0m  SELECT "products".* FROM "products" ORDER BY released_at desc
  [1m[36mCart Load (0.5ms)[0m  [1mSELECT "carts".* FROM "carts" WHERE "carts"."user_id" = 3 LIMIT 1[0m
Rendered products/index.html.erb within layouts/application (560.4ms)
Completed 200 OK in 584ms (Views: 525.0ms | ActiveRecord: 57.4ms)


Started GET "/assets/application.css" for 127.0.0.1 at 2011-12-01 14:12:50 -0600
Served asset /application.css - 200 OK (108ms)


Started GET "/assets/iecss.css" for 127.0.0.1 at 2011-12-01 14:12:50 -0600
Served asset /iecss.css - 200 OK (16ms)


Started GET "/assets/application.js" for 127.0.0.1 at 2011-12-01 14:12:50 -0600
Compiled application.js  (30ms)  (pid 4036)
Served asset /application.js - 200 OK (149ms)


Started GET "/assets/style.css" for 127.0.0.1 at 2011-12-01 14:12:50 -0600
Served asset /style.css - 200 OK (11ms)


Started GET "/" for 127.0.0.1 at 2011-12-01 14:15:05 -0600
  Processing by ProductsController#index as HTML
  [1m[35mUser Load (0.6ms)[0m  SELECT "users".* FROM "users" WHERE "users"."id" = ? LIMIT 1  [["id", 3]]
Rendered shared/_login.html.erb (176.2ms)
  [1m[36mProduct Load (1.3ms)[0m  [1mSELECT "products".* FROM "products" ORDER BY released_at desc[0m
  [1m[35mCart Load (0.4ms)[0m  SELECT "carts".* FROM "carts" WHERE "carts"."user_id" = 3 LIMIT 1
Rendered products/index.html.erb within layouts/application (317.9ms)
Completed 200 OK in 339ms (Views: 330.8ms | ActiveRecord: 6.2ms)


Started GET "/assets/application.css" for 127.0.0.1 at 2011-12-01 14:15:05 -0600
Served asset /application.css - 304 Not Modified (26ms)


Started GET "/assets/iecss.css" for 127.0.0.1 at 2011-12-01 14:15:05 -0600
Served asset /iecss.css - 304 Not Modified (2ms)


Started GET "/assets/application.js" for 127.0.0.1 at 2011-12-01 14:15:05 -0600
Served asset /application.js - 304 Not Modified (6ms)


Started GET "/assets/style.css" for 127.0.0.1 at 2011-12-01 14:15:05 -0600
Served asset /style.css - 304 Not Modified (0ms)


Started GET "/" for 127.0.0.1 at 2011-12-01 14:16:08 -0600
  Processing by ProductsController#index as HTML
  [1m[36mUser Load (0.6ms)[0m  [1mSELECT "users".* FROM "users" WHERE "users"."id" = ? LIMIT 1[0m  [["id", 3]]
Rendered shared/_login.html.erb (77.3ms)
  [1m[35mProduct Load (1.2ms)[0m  SELECT "products".* FROM "products" ORDER BY released_at desc
  [1m[36mCart Load (0.5ms)[0m  [1mSELECT "carts".* FROM "carts" WHERE "carts"."user_id" = 3 LIMIT 1[0m
Rendered products/index.html.erb within layouts/application (236.3ms)
Completed 200 OK in 265ms (Views: 256.2ms | ActiveRecord: 6.0ms)


Started GET "/assets/application.css" for 127.0.0.1 at 2011-12-01 14:16:08 -0600
Served asset /application.css - 304 Not Modified (112ms)


Started GET "/assets/iecss.css" for 127.0.0.1 at 2011-12-01 14:16:08 -0600
Served asset /iecss.css - 304 Not Modified (2ms)


Started GET "/assets/style.css" for 127.0.0.1 at 2011-12-01 14:16:09 -0600
Served asset /style.css - 304 Not Modified (0ms)


Started GET "/assets/application.js" for 127.0.0.1 at 2011-12-01 14:16:09 -0600
Served asset /application.js - 304 Not Modified (7ms)


Started GET "/" for 127.0.0.1 at 2011-12-01 14:16:21 -0600
  Processing by ProductsController#index as HTML
  [1m[35mUser Load (0.8ms)[0m  SELECT "users".* FROM "users" WHERE "users"."id" = ? LIMIT 1  [["id", 3]]
Rendered shared/_login.html.erb (82.0ms)
  [1m[36mProduct Load (0.9ms)[0m  [1mSELECT "products".* FROM "products" ORDER BY released_at desc[0m
  [1m[35mCart Load (0.5ms)[0m  SELECT "carts".* FROM "carts" WHERE "carts"."user_id" = 3 LIMIT 1
Rendered products/index.html.erb within layouts/application (303.2ms)
Completed 200 OK in 326ms (Views: 318.1ms | ActiveRecord: 5.9ms)


Started GET "/assets/application.css" for 127.0.0.1 at 2011-12-01 14:16:21 -0600
Served asset /application.css - 304 Not Modified (42ms)


Started GET "/assets/style.css" for 127.0.0.1 at 2011-12-01 14:16:21 -0600
Served asset /style.css - 304 Not Modified (0ms)


Started GET "/assets/iecss.css" for 127.0.0.1 at 2011-12-01 14:16:22 -0600
Served asset /iecss.css - 304 Not Modified (1ms)


Started GET "/assets/application.js" for 127.0.0.1 at 2011-12-01 14:16:22 -0600
Served asset /application.js - 304 Not Modified (5ms)


Started GET "/" for 127.0.0.1 at 2011-12-01 14:16:28 -0600
  Processing by ProductsController#index as HTML
  [1m[36mUser Load (0.6ms)[0m  [1mSELECT "users".* FROM "users" WHERE "users"."id" = ? LIMIT 1[0m  [["id", 3]]
Rendered shared/_login.html.erb (158.0ms)
  [1m[35mProduct Load (0.9ms)[0m  SELECT "products".* FROM "products" ORDER BY released_at desc
  [1m[36mCart Load (0.4ms)[0m  [1mSELECT "carts".* FROM "carts" WHERE "carts"."user_id" = 3 LIMIT 1[0m
Rendered products/index.html.erb within layouts/application (301.7ms)
Completed 200 OK in 322ms (Views: 315.4ms | ActiveRecord: 5.1ms)


Started GET "/assets/application.css" for 127.0.0.1 at 2011-12-01 14:16:29 -0600
Served asset /application.css - 304 Not Modified (26ms)


Started GET "/assets/application.js" for 127.0.0.1 at 2011-12-01 14:16:29 -0600
Served asset /application.js - 304 Not Modified (12ms)


Started GET "/assets/style.css" for 127.0.0.1 at 2011-12-01 14:16:29 -0600
Served asset /style.css - 304 Not Modified (1ms)


Started GET "/assets/iecss.css" for 127.0.0.1 at 2011-12-01 14:16:29 -0600
Served asset /iecss.css - 304 Not Modified (1ms)


Started GET "/" for 127.0.0.1 at 2011-12-01 14:16:54 -0600
  Processing by ProductsController#index as HTML
  [1m[35mUser Load (0.6ms)[0m  SELECT "users".* FROM "users" WHERE "users"."id" = ? LIMIT 1  [["id", 3]]
Rendered shared/_login.html.erb (69.5ms)
  [1m[36mProduct Load (0.8ms)[0m  [1mSELECT "products".* FROM "products" ORDER BY released_at desc[0m
  [1m[35mCart Load (0.5ms)[0m  SELECT "carts".* FROM "carts" WHERE "carts"."user_id" = 3 LIMIT 1
Rendered products/index.html.erb within layouts/application (283.3ms)
Completed 200 OK in 304ms (Views: 297.2ms | ActiveRecord: 4.7ms)


Started GET "/assets/application.css" for 127.0.0.1 at 2011-12-01 14:16:54 -0600
Served asset /application.css - 304 Not Modified (28ms)


Started GET "/assets/style.css" for 127.0.0.1 at 2011-12-01 14:16:54 -0600
Served asset /style.css - 304 Not Modified (0ms)


Started GET "/assets/application.js" for 127.0.0.1 at 2011-12-01 14:16:54 -0600
Served asset /application.js - 304 Not Modified (7ms)


Started GET "/assets/iecss.css" for 127.0.0.1 at 2011-12-01 14:16:54 -0600
Served asset /iecss.css - 304 Not Modified (1ms)


Started GET "/products/1" for 127.0.0.1 at 2011-12-01 14:17:18 -0600
  Processing by ProductsController#show as HTML
  Parameters: {"id"=>"1"}
  [1m[36mProduct Load (0.5ms)[0m  [1mSELECT "products".* FROM "products" WHERE "products"."id" = ? LIMIT 1[0m  [["id", "1"]]
Rendered products/show.html.erb within layouts/application (34.1ms)
Completed 200 OK in 62ms (Views: 53.6ms | ActiveRecord: 2.0ms)


Started GET "/assets/application.css" for 127.0.0.1 at 2011-12-01 14:17:18 -0600
Served asset /application.css - 304 Not Modified (37ms)


Started GET "/assets/style.css" for 127.0.0.1 at 2011-12-01 14:17:18 -0600
Served asset /style.css - 304 Not Modified (0ms)


Started GET "/assets/application.js" for 127.0.0.1 at 2011-12-01 14:17:18 -0600
Served asset /application.js - 304 Not Modified (5ms)


Started GET "/assets/iecss.css" for 127.0.0.1 at 2011-12-01 14:17:18 -0600
Served asset /iecss.css - 304 Not Modified (2ms)
